<?xml version="1.0" encoding="UTF-8"?>
<!-- Generated by org.testng.reporters.JUnitReportReporter -->
<testsuite hostname="LAPTOP-3RMMHP55" failures="0" tests="1" name="com.fedex.testcases.TC_001" time="18.879" errors="0" timestamp="2021-08-18T18:17:31 IST" skipped="0">
  <testcase classname="com.fedex.testcases.TC_001" name="cheeral_to_arizona" time="18.879"/>
  <system-out/>
</testsuite> <!-- com.fedex.testcases.TC_001 -->
