<?xml version="1.0" encoding="UTF-8"?>
<!-- Generated by org.testng.reporters.JUnitReportReporter -->
<testsuite hostname="LAPTOP-3RMMHP55" failures="0" tests="1" name="com.fedex.testcases.TC_001" time="8.506" errors="0" timestamp="2021-08-17T20:39:33 IST" skipped="0">
  <testcase classname="com.fedex.testcases.TC_001" name="cheeral_to_arizona" time="8.506"/>
  <system-out/>
</testsuite> <!-- com.fedex.testcases.TC_001 -->
